<?xml version="1.0" encoding="utf-8"?>
<config programVersion='2.7.2' configVersion='0'>
	<listen ip='*' port='80' type='http' ipv6='1' />
	<listen ip='*' port='3311' type='manage' ipv6='1' />
	<autoupdate type='on' install='3' url=''/>
	<lang>简体中文</lang>
	<keep_alive>60</keep_alive>
	<timeout>120</timeout>
	<min_free_thread>0</min_free_thread>
	<admin user='admin' password='d4b4180809b577da4cadeecb4cd31b67' crypt='md5' auth_type='Basic'>
		<allowip>127.0.0.1</allowip>
		<allowip>*</allowip>
	</admin>
	<gzip only_gzip_cache='0' min_gzip_length='256' gzip_level='5'/>
	<cache default='1' max_cache_size='1M'>
		<memory>10M</memory>
		<disk>0</disk>
		<refresh_time>10</refresh_time>
	</cache>
	<static_engine>off</static_engine>
	<connect max_per_ip='0' max='0' />
	<max_post_size>8M</max_post_size>
	<buffer>32K</buffer>
	<dns_cache_time>3600</dns_cache_time>
	<path_info>1</path_info>
	<insert_via>0</insert_via>
	<x_real_ip>0</x_real_ip>
	<x_forwarded_for>1</x_forwarded_for>
	<access_log>var/access.log</access_log>
	<log_handle_concurrent>2</log_handle_concurrent>
	<log level='3'/>
	<extends>
		<api name='asp.net' file='bin/netisapi.dll' type='sp'  life_time='60'>
</api>
		<api name='asp' file='bin/kasp.dll' type='sp'  life_time='60'>
</api>
		<api name='webdav' file='bin/webdav.dll' type='mt'  life_time='60'>
</api>
		<api name='whm' file='buildin:whm' type='mt'  life_time='60'>
</api>
	</extends>
	<writebacks>
		<writeback name='sss'><![CDATA[ssss]]></writeback>
	</writebacks>
	<request action='vhs' >
		<table name='BEGIN'>
			<chain  action='continue' >
			</chain>
		</table>
		<table name='新建表'>
		</table>
	</request>
	<response action='allow' >
		<table name='BEGIN'>
		</table>
	</response>
</config>

<!--configfileisok-->